<?xml version="1.0" encoding="UTF-8"?>
<!-- Generated by org.testng.reporters.JUnitReportReporter -->
<testsuite hostname="DESKTOP-0MK8LBF" failures="0" tests="1" name="test.ZerodhaWatchlistBuyTest" time="13.663" errors="0" timestamp="2022-07-29T15:49:58 IST" skipped="0">
  <testcase classname="test.ZerodhaWatchlistBuyTest" name="selectStockFromWatchListStockTest" time="13.663"/>
  <system-out/>
</testsuite> <!-- test.ZerodhaWatchlistBuyTest -->
