<?xml version="1.0" encoding="UTF-8"?>
<!-- Generated by org.testng.reporters.JUnitReportReporter -->
<testsuite hostname="DESKTOP-0MK8LBF" failures="0" tests="2" name="test.ZerodhaBuyWindowTest" time="16.693" errors="0" timestamp="2022-07-28T17:20:51 IST" skipped="0">
  <testcase classname="test.ZerodhaBuyWindowTest" name="searchAndBuyStock" time="13.237"/>
  <system-out/>
  <testcase classname="test.ZerodhaBuyWindowTest" name="buyStockUsingCNC" time="3.456"/>
  <system-out/>
</testsuite> <!-- test.ZerodhaBuyWindowTest -->
