<?xml version="1.0" encoding="UTF-8"?>
<!-- Generated by org.testng.reporters.JUnitReportReporter -->
<testsuite hostname="DESKTOP-0MK8LBF" failures="0" tests="1" name="pom.ZerodhaWatchlistBuy" time="8.338" errors="0" timestamp="2022-07-29T13:32:07 IST" skipped="0">
  <testcase classname="pom.ZerodhaWatchlistBuy" name="openZerodhaAccountTest" time="8.338"/>
  <system-out/>
</testsuite> <!-- pom.ZerodhaWatchlistBuy -->
