<?xml version="1.0" encoding="UTF-8"?>
<!-- Generated by org.testng.reporters.JUnitReportReporter -->
<testsuite hostname="DESKTOP-0MK8LBF" failures="0" tests="5" name="test.ZerodhaForgotPasswordPageTest" time="149.863" errors="0" timestamp="2022-07-26T17:22:23 IST" skipped="0">
  <testcase classname="test.ZerodhaForgotPasswordPageTest" name="clickOnForgotpassword" time="23.179"/>
  <system-out/>
  <testcase classname="test.ZerodhaForgotPasswordPageTest" name="enterDetails" time="48.201"/>
  <system-out/>
  <testcase classname="test.ZerodhaForgotPasswordPageTest" name="enterDetails1" time="31.378"/>
  <system-out/>
  <testcase classname="test.ZerodhaForgotPasswordPageTest" name="byMobileNumber" time="15.483"/>
  <system-out/>
  <testcase classname="test.ZerodhaForgotPasswordPageTest" name="returnToLoginPage" time="31.622"/>
  <system-out/>
</testsuite> <!-- test.ZerodhaForgotPasswordPageTest -->
