<?xml version="1.0" encoding="UTF-8"?>
<!-- Generated by org.testng.reporters.JUnitReportReporter -->
<testsuite hostname="DESKTOP-0MK8LBF" failures="0" tests="1" name="test.ZerodhaHomePageTest" time="32.159" errors="0" timestamp="2022-07-28T17:23:35 IST" skipped="0">
  <testcase classname="test.ZerodhaHomePageTest" name="selectStockAndBuy" time="32.159"/>
  <system-out/>
</testsuite> <!-- test.ZerodhaHomePageTest -->
